INFO: [VRFC 10-2263] Analyzing Verilog file "C:/Users/leewo/Desktop/AIX2024/_final/AIX2024_ChipChamps/1_Code/2_RTL_Simulation/conv_tb/conv_tb.srcs/sources_1/imports/src/adder_tree.v" into library xil_defaultlib
INFO: [VRFC 10-311] analyzing module adder_tree
INFO: [VRFC 10-2263] Analyzing Verilog file "C:/Users/leewo/Desktop/AIX2024/_final/AIX2024_ChipChamps/1_Code/2_RTL_Simulation/conv_tb/conv_tb.srcs/sources_1/imports/src/conv_maxpool_module.v" into library xil_defaultlib
INFO: [VRFC 10-311] analyzing module conv_maxpool_module
INFO: [VRFC 10-2263] Analyzing Verilog file "C:/Users/leewo/Desktop/AIX2024/_final/AIX2024_ChipChamps/1_Code/2_RTL_Simulation/conv_tb/conv_tb.srcs/sources_1/imports/src/mac.v" into library xil_defaultlib
INFO: [VRFC 10-311] analyzing module mac
INFO: [VRFC 10-2263] Analyzing Verilog file "C:/Users/leewo/Desktop/AIX2024/_final/AIX2024_ChipChamps/1_Code/2_RTL_Simulation/conv_tb/conv_tb.srcs/sources_1/imports/src/mac_array.v" into library xil_defaultlib
INFO: [VRFC 10-311] analyzing module mac_array
INFO: [VRFC 10-2263] Analyzing Verilog file "C:/Users/leewo/Desktop/AIX2024/_final/AIX2024_ChipChamps/1_Code/2_RTL_Simulation/conv_tb/conv_tb.srcs/sources_1/imports/src/mul.v" into library xil_defaultlib
INFO: [VRFC 10-311] analyzing module mul
WARNING: [VRFC 10-3380] identifier 'Ni' is used before its declaration [C:/Users/leewo/Desktop/AIX2024/_final/AIX2024_ChipChamps/1_Code/2_RTL_Simulation/conv_tb/conv_tb.srcs/sources_1/imports/src/define.v:42]
INFO: [VRFC 10-2263] Analyzing Verilog file "C:/Users/leewo/Desktop/AIX2024/_final/AIX2024_ChipChamps/1_Code/2_RTL_Simulation/conv_tb/conv_tb.srcs/sim_1/imports/sim/tb.v" into library xil_defaultlib
INFO: [VRFC 10-311] analyzing module tb
WARNING: [VRFC 10-2938] 'data' is already implicitly declared on line 210 [C:/Users/leewo/Desktop/AIX2024/_final/AIX2024_ChipChamps/1_Code/2_RTL_Simulation/conv_tb/conv_tb.srcs/sim_1/imports/sim/tb.v:227]
WARNING: [VRFC 10-3380] identifier 'tick' is used before its declaration [C:/Users/leewo/Desktop/AIX2024/_final/AIX2024_ChipChamps/1_Code/2_RTL_Simulation/conv_tb/conv_tb.srcs/sim_1/imports/sim/tb.v:96]
WARNING: [VRFC 10-3380] identifier 'F_writedone' is used before its declaration [C:/Users/leewo/Desktop/AIX2024/_final/AIX2024_ChipChamps/1_Code/2_RTL_Simulation/conv_tb/conv_tb.srcs/sim_1/imports/sim/tb.v:105]
WARNING: [VRFC 10-3380] identifier 'tick' is used before its declaration [C:/Users/leewo/Desktop/AIX2024/_final/AIX2024_ChipChamps/1_Code/2_RTL_Simulation/conv_tb/conv_tb.srcs/sim_1/imports/sim/tb.v:111]
WARNING: [VRFC 10-3380] identifier 'W_writedone' is used before its declaration [C:/Users/leewo/Desktop/AIX2024/_final/AIX2024_ChipChamps/1_Code/2_RTL_Simulation/conv_tb/conv_tb.srcs/sim_1/imports/sim/tb.v:119]
WARNING: [VRFC 10-3380] identifier 'tick' is used before its declaration [C:/Users/leewo/Desktop/AIX2024/_final/AIX2024_ChipChamps/1_Code/2_RTL_Simulation/conv_tb/conv_tb.srcs/sim_1/imports/sim/tb.v:125]
WARNING: [VRFC 10-3380] identifier 'B_writedone' is used before its declaration [C:/Users/leewo/Desktop/AIX2024/_final/AIX2024_ChipChamps/1_Code/2_RTL_Simulation/conv_tb/conv_tb.srcs/sim_1/imports/sim/tb.v:133]
WARNING: [VRFC 10-3380] identifier 'conv_done' is used before its declaration [C:/Users/leewo/Desktop/AIX2024/_final/AIX2024_ChipChamps/1_Code/2_RTL_Simulation/conv_tb/conv_tb.srcs/sim_1/imports/sim/tb.v:142]
WARNING: [VRFC 10-3380] identifier 'OFM_DATA_SIZE' is used before its declaration [C:/Users/leewo/Desktop/AIX2024/_final/AIX2024_ChipChamps/1_Code/2_RTL_Simulation/conv_tb/conv_tb.srcs/sim_1/imports/sim/tb.v:151]
WARNING: [VRFC 10-3380] identifier 'OFM' is used before its declaration [C:/Users/leewo/Desktop/AIX2024/_final/AIX2024_ChipChamps/1_Code/2_RTL_Simulation/conv_tb/conv_tb.srcs/sim_1/imports/sim/tb.v:152]
WARNING: [VRFC 10-3380] identifier 'OFM' is used before its declaration [C:/Users/leewo/Desktop/AIX2024/_final/AIX2024_ChipChamps/1_Code/2_RTL_Simulation/conv_tb/conv_tb.srcs/sim_1/imports/sim/tb.v:155]
WARNING: [VRFC 10-3380] identifier 'OFM_DATA_SIZE' is used before its declaration [C:/Users/leewo/Desktop/AIX2024/_final/AIX2024_ChipChamps/1_Code/2_RTL_Simulation/conv_tb/conv_tb.srcs/sim_1/imports/sim/tb.v:161]
